生成启动时间为 2012/10/10 星期三 22:14:56。
     1>项目“E:\Visual Studio Projects\KC2B\KC2B\KC2B.vcxproj”在节点 2 上(build 个目标)。
     1>InitializeBuildStatus:
         正在对“Debug\KC2B.unsuccessfulbuild”执行 Touch 任务。
       GenerateTargetFrameworkMonikerAttribute:
       正在跳过目标“GenerateTargetFrameworkMonikerAttribute”，因为所有输出文件相对于输入文件而言都是最新的。
       ClCompile:
         所有输出均为最新。
         D:\Program Files (x86)\Microsoft Visual Studio 10.0\VC\bin\CL.exe /c /AI"C:\Program Files (x86)\Reference Assemblies\Microsoft\Framework\.NETFramework\v4.0" /Zi /clr /nologo /W3 /WX- /Od /Oy- /D WIN32 /D _DEBUG /D _UNICODE /D UNICODE /EHa /MDd /GS /fp:precise /Zc:wchar_t /Zc:forScope /Yu"StdAfx.h" /Fp"Debug\KC2B.pch" /Fo"Debug\\" /Fd"Debug\vc100.pdb" /TP /FU"C:\Program Files (x86)\Reference Assemblies\Microsoft\Framework\.NETFramework\v4.0\System.Core.dll" /FU"C:\Program Files (x86)\Reference Assemblies\Microsoft\Framework\.NETFramework\v4.0\System.Data.dll" /FU"C:\Program Files (x86)\Reference Assemblies\Microsoft\Framework\.NETFramework\v4.0\System.dll" /FU"C:\Program Files (x86)\Reference Assemblies\Microsoft\Framework\.NETFramework\v4.0\System.Drawing.dll" /FU"C:\Program Files (x86)\Reference Assemblies\Microsoft\Framework\.NETFramework\v4.0\System.Windows.Forms.dll" /FU"C:\Program Files (x86)\Reference Assemblies\Microsoft\Framework\.NETFramework\v4.0\System.Xml.dll" /analyze- /errorReport:prompt KC2B.cpp /clr:nostdlib 
         KC2B.cpp
     1>KC2B.cpp(58): warning C4244: “初始化”: 从“double”转换到“float”，可能丢失数据
     1>KC2B.cpp(60): warning C4244: “初始化”: 从“double”转换到“float”，可能丢失数据
     1>KC2B.cpp(64): warning C4244: “初始化”: 从“double”转换到“float”，可能丢失数据
     1>KC2B.cpp(88): warning C4018: “<”: 有符号/无符号不匹配
     1>KC2B.cpp(104): warning C4244: “初始化”: 从“double”转换到“float”，可能丢失数据
         所有输出均为最新。
       CoreResGen:
         没有相对于源文件而言已过期的资源。正在跳过资源生成操作。
       ResourceCompile:
         所有输出均为最新。
       Link:
         D:\Program Files (x86)\Microsoft Visual Studio 10.0\VC\bin\link.exe /ERRORREPORT:PROMPT /OUT:"E:\Visual Studio Projects\KC2B\Debug\KC2B.exe" /INCREMENTAL /NOLOGO /ASSEMBLYRESOURCE:Debug\KC2B.ControlForm.resources /MANIFEST /ManifestFile:"Debug\KC2B.exe.intermediate.manifest" /MANIFESTUAC:"level='asInvoker' uiAccess='false'" /DEBUG /PDB:"E:\Visual Studio Projects\KC2B\Debug\KC2B.pdb" /ASSEMBLYDEBUG /SUBSYSTEM:WINDOWS /TLBID:1 /ENTRY:"main" /DYNAMICBASE /FIXED:NO /NXCOMPAT /MACHINE:X86 Debug\app.res
         Debug\AssemblyInfo.obj
         Debug\KC2B.obj
         Debug\stdafx.obj
         "Debug\.NETFramework,Version=v4.0.AssemblyAttributes.obj"
         KC2B.vcxproj -> E:\Visual Studio Projects\KC2B\Debug\KC2B.exe
       Manifest:
         C:\Program Files (x86)\Microsoft SDKs\Windows\v7.0A\bin\mt.exe /nologo /verbose /outputresource:"E:\Visual Studio Projects\KC2B\Debug\KC2B.exe;#1" /manifest Debug\KC2B.exe.intermediate.manifest
       FinalizeBuildStatus:
         正在删除文件“Debug\KC2B.unsuccessfulbuild”。
         正在对“Debug\KC2B.lastbuildstate”执行 Touch 任务。
     1>已完成生成项目“E:\Visual Studio Projects\KC2B\KC2B\KC2B.vcxproj”(build 个目标)的操作。

生成成功。

已用时间 00:00:00.63
